#
# There is insufficient memory for the Java Runtime Environment to continue.
# Native memory allocation (malloc) failed to allocate 1048576 bytes for AllocateHeap
# Possible reasons:
#   The system is out of physical RAM or swap space
#   The process is running with CompressedOops enabled, and the Java Heap may be blocking the growth of the native heap
# Possible solutions:
#   Reduce memory load on the system
#   Increase physical memory or swap space
#   Check if swap backing store is full
#   Decrease Java heap size (-Xmx/-Xms)
#   Decrease number of Java threads
#   Decrease Java thread stack sizes (-Xss)
#   Set larger code cache with -XX:ReservedCodeCacheSize=
#   JVM is running with Unscaled Compressed Oops mode in which the Java heap is
#     placed in the first 4GB address space. The Java Heap base address is the
#     maximum limit for the native heap growth. Please use -XX:HeapBaseMinAddress
#     to set the Java Heap base and to place the Java Heap above 4GB virtual address.
# This output file may be truncated or incomplete.
#
#  Out of Memory Error (allocation.cpp:44), pid=36048, tid=43788
#
# JRE version: OpenJDK Runtime Environment Temurin-17.0.10+7 (17.0.10+7) (build 17.0.10+7)
# Java VM: OpenJDK 64-Bit Server VM Temurin-17.0.10+7 (17.0.10+7, mixed mode, emulated-client, tiered, compressed oops, compressed class ptrs, g1 gc, windows-amd64)
# No core dump will be written. Minidumps are not enabled by default on client versions of Windows
#

---------------  S U M M A R Y ------------

Command Line: -XX:+HeapDumpOnOutOfMemoryError -Xmx1024m -Dsts.lsp.client=vscode -Dsts.log.file=/dev/null -XX:TieredStopAtLevel=1 -Xlog:jni+resolve=off -Dspring.config.location=file:c:\Users\aniln\.vscode\extensions\vmware.vscode-spring-boot-1.53.0\language-server\BOOT-INF\classes\application.properties org.springframework.ide.vscode.boot.app.BootLanguageServerBootApp

Host: 11th Gen Intel(R) Core(TM) i5-1135G7 @ 2.40GHz, 8 cores, 7G,  Windows 11 , 64 bit Build 22621 (10.0.22621.3235)
Time: Mon Mar 18 18:28:14 2024 India Standard Time elapsed time: 3084.888130 seconds (0d 0h 51m 24s)

---------------  T H R E A D  ---------------

Current thread (0x000001e965d540a0):  VMThread "VM Thread" [stack: 0x000000e65bd00000,0x000000e65be00000] [id=43788]

Stack: [0x000000e65bd00000,0x000000e65be00000]
Native frames: (J=compiled Java code, j=interpreted, Vv=VM code, C=native code)
V  [jvm.dll+0x67d2c9]
V  [jvm.dll+0x834afa]
V  [jvm.dll+0x8365be]
V  [jvm.dll+0x836c23]
V  [jvm.dll+0x2477ff]
V  [jvm.dll+0xa6c93]
V  [jvm.dll+0x2f8663]
V  [jvm.dll+0x2f42e0]
V  [jvm.dll+0x2dc8c7]
V  [jvm.dll+0x31fb87]
V  [jvm.dll+0x83b11b]
V  [jvm.dll+0x83be61]
V  [jvm.dll+0x83c37d]
V  [jvm.dll+0x83c754]
V  [jvm.dll+0x83c820]
V  [jvm.dll+0x7e3fba]
V  [jvm.dll+0x67c1b5]
C  [ucrtbase.dll+0x29363]
C  [KERNEL32.DLL+0x1257d]
C  [ntdll.dll+0x5aa58]

VM_Operation (0x000000e65d5fec90): G1CollectFull, mode: safepoint, requested by thread 0x000001e96a230f80


---------------  P R O C E S S  ---------------

Threads class SMR info:
_java_thread_list=0x000001e96b7caee0, length=21, elements={
0x000001e965d6b380, 0x000001e965d6d8b0, 0x000001e965d8ca10, 0x000001e965d8d4e0,
0x000001e965d8ddb0, 0x000001e965d8eaa0, 0x000001e96a01ac90, 0x000001e96a01b9b0,
0x000001e96a232de0, 0x000001e96a231490, 0x000001e96a2319a0, 0x000001e96a230f80,
0x000001e96a231eb0, 0x000001e96a2323c0, 0x000001e96a2328d0, 0x000001e96a2332f0,
0x000001e96a233800, 0x000001e96a230050, 0x000001e96a230a70, 0x000001e96b84b800,
0x000001e96b8461f0
}

Java Threads: ( => current thread )
  0x000001e965d6b380 JavaThread "Reference Handler" daemon [_thread_blocked, id=5708, stack(0x000000e65be00000,0x000000e65bf00000)]
  0x000001e965d6d8b0 JavaThread "Finalizer" daemon [_thread_blocked, id=31336, stack(0x000000e65bf00000,0x000000e65c000000)]
  0x000001e965d8ca10 JavaThread "Signal Dispatcher" daemon [_thread_blocked, id=43264, stack(0x000000e65c000000,0x000000e65c100000)]
  0x000001e965d8d4e0 JavaThread "Attach Listener" daemon [_thread_blocked, id=40272, stack(0x000000e65c100000,0x000000e65c200000)]
  0x000001e965d8ddb0 JavaThread "Service Thread" daemon [_thread_blocked, id=19684, stack(0x000000e65c200000,0x000000e65c300000)]
  0x000001e965d8eaa0 JavaThread "Monitor Deflation Thread" daemon [_thread_blocked, id=49148, stack(0x000000e65c300000,0x000000e65c400000)]
  0x000001e96a01ac90 JavaThread "C1 CompilerThread0" daemon [_thread_blocked, id=34584, stack(0x000000e65c400000,0x000000e65c500000)]
  0x000001e96a01b9b0 JavaThread "Sweeper thread" daemon [_thread_blocked, id=32636, stack(0x000000e65c500000,0x000000e65c600000)]
  0x000001e96a232de0 JavaThread "Notification Thread" daemon [_thread_blocked, id=13416, stack(0x000000e65c600000,0x000000e65c700000)]
  0x000001e96a231490 JavaThread "Common-Cleaner" daemon [_thread_blocked, id=24584, stack(0x000000e65c800000,0x000000e65c900000)]
  0x000001e96a2319a0 JavaThread "boundedElastic-evictor-1" daemon [_thread_blocked, id=12620, stack(0x000000e65d300000,0x000000e65d400000)]
  0x000001e96a230f80 JavaThread "pool-13-thread-1" [_thread_blocked, id=41476, stack(0x000000e65d500000,0x000000e65d600000)]
  0x000001e96a231eb0 JavaThread "LanguageServerApp-lifecycle" [_thread_blocked, id=38536, stack(0x000000e65d600000,0x000000e65d700000)]
  0x000001e96a2323c0 JavaThread "DestroyJavaVM" [_thread_blocked, id=26076, stack(0x000000e65b700000,0x000000e65b800000)]
  0x000001e96a2328d0 JavaThread "pool-14-thread-1" [_thread_in_native, id=35416, stack(0x000000e65d700000,0x000000e65d800000)]
  0x000001e96a2332f0 JavaThread "Simple-Language-Server main thread" daemon [_thread_blocked, id=18616, stack(0x000000e65d800000,0x000000e65d900000)]
  0x000001e96a233800 JavaThread "pool-8-thread-1" [_thread_blocked, id=26540, stack(0x000000e65d900000,0x000000e65da00000)]
  0x000001e96a230050 JavaThread "parallel-1" daemon [_thread_blocked, id=35592, stack(0x000000e65da00000,0x000000e65db00000)]
  0x000001e96a230a70 JavaThread "pool-6-thread-1" [_thread_blocked, id=49352, stack(0x000000e65dc00000,0x000000e65dd00000)]
  0x000001e96b84b800 JavaThread "parallel-2" daemon [_thread_blocked, id=20016, stack(0x000000e65dd00000,0x000000e65de00000)]
  0x000001e96b8461f0 JavaThread "Reconciler-1" daemon [_thread_blocked, id=35964, stack(0x000000e65df00000,0x000000e65e000000)]

Other Threads:
=>0x000001e965d540a0 VMThread "VM Thread" [stack: 0x000000e65bd00000,0x000000e65be00000] [id=43788]
  0x000001e96a23c230 WatcherThread [stack: 0x000000e65c700000,0x000000e65c800000] [id=25980]
  0x000001e95afbcee0 GCTaskThread "GC Thread#0" [stack: 0x000000e65b800000,0x000000e65b900000] [id=25832]
  0x000001e96ac778f0 GCTaskThread "GC Thread#1" [stack: 0x000000e65c900000,0x000000e65ca00000] [id=21960]
  0x000001e96aa58cd0 GCTaskThread "GC Thread#2" [stack: 0x000000e65ca00000,0x000000e65cb00000] [id=42452]
  0x000001e96a184c20 GCTaskThread "GC Thread#3" [stack: 0x000000e65cb00000,0x000000e65cc00000] [id=46876]
  0x000001e96aa92850 GCTaskThread "GC Thread#4" [stack: 0x000000e65cc00000,0x000000e65cd00000] [id=48096]
  0x000001e96a0e2cc0 GCTaskThread "GC Thread#5" [stack: 0x000000e65cd00000,0x000000e65ce00000] [id=44628]
  0x000001e96b08f140 GCTaskThread "GC Thread#6" [stack: 0x000000e65d000000,0x000000e65d100000] [id=49268]
  0x000001e96b08f400 GCTaskThread "GC Thread#7" [stack: 0x000000e65d100000,0x000000e65d200000] [id=45956]
  0x000001e95afc5d40 ConcurrentGCThread "G1 Main Marker" [stack: 0x000000e65b900000,0x000000e65ba00000] [id=53080]
  0x000001e95afc6670 ConcurrentGCThread "G1 Conc#0" [stack: 0x000000e65ba00000,0x000000e65bb00000] [id=26816]
  0x000001e96b0ba8a0 ConcurrentGCThread "G1 Conc#1" [stack: 0x000000e65d400000,0x000000e65d500000] [id=37852]
  0x000001e95b01d1d0 ConcurrentGCThread "G1 Refine#0" [stack: 0x000000e65bb00000,0x000000e65bc00000] [id=30968]
  0x000001e95b01db10 ConcurrentGCThread "G1 Service" [stack: 0x000000e65bc00000,0x000000e65bd00000] [id=32472]

Threads with active compile tasks:

VM state: at safepoint (normal execution)

VM Mutex/Monitor currently owned by a thread:  ([mutex/lock_event])
[0x000001e958d67490] Threads_lock - owner thread: 0x000001e965d540a0
[0x000001e958d63640] Heap_lock - owner thread: 0x000001e96a230f80

Heap address: 0x00000000c0000000, size: 1024 MB, Compressed Oops mode: 32-bit

CDS archive(s) not mapped
Compressed class space mapped at: 0x0000000100000000-0x0000000140000000, reserved size: 1073741824
Narrow klass base: 0x0000000000000000, Narrow klass shift: 3, Narrow klass range: 0x140000000

GC Precious Log:
 CPUs: 8 total, 8 available
 Memory: 7926M
 Large Page Support: Disabled
 NUMA Support: Disabled
 Compressed Oops: Enabled (32-bit)
 Heap Region Size: 1M
 Heap Min Capacity: 8M
 Heap Initial Capacity: 124M
 Heap Max Capacity: 1G
 Pre-touch: Disabled
 Parallel Workers: 8
 Concurrent Workers: 2
 Concurrent Refinement Workers: 8
 Periodic GC: Disabled

Heap:
 garbage-first heap   total 75776K, used 24118K [0x00000000c0000000, 0x0000000100000000)
  region size 1024K, 1 young (1024K), 0 survivors (0K)
 Metaspace       used 38806K, committed 39424K, reserved 1114112K
  class space    used 5117K, committed 5376K, reserved 1048576K

Heap Regions: E=young(eden), S=young(survivor), O=old, HS=humongous(starts), HC=humongous(continues), CS=collection set, F=free, OA=open archive, CA=closed archive, TAMS=top-at-mark-start (previous, next)
|   0|0x00000000c0000000, 0x00000000c0100000, 0x00000000c0100000|100%|HS|  |TAMS 0x00000000c0100000, 0x00000000c0000000| Untracked 
|   1|0x00000000c0100000, 0x00000000c0200000, 0x00000000c0200000|100%|HC|  |TAMS 0x00000000c0200000, 0x00000000c0100000| Untracked 
|   2|0x00000000c0200000, 0x00000000c0300000, 0x00000000c0300000|100%|HC|  |TAMS 0x00000000c0300000, 0x00000000c0200000| Untracked 
|   3|0x00000000c0300000, 0x00000000c0400000, 0x00000000c0400000|100%|HC|  |TAMS 0x00000000c0400000, 0x00000000c0300000| Untracked 
|   4|0x00000000c0400000, 0x00000000c0500000, 0x00000000c0500000|100%|HS|  |TAMS 0x00000000c0500000, 0x00000000c0400000| Untracked 
|   5|0x00000000c0500000, 0x00000000c0600000, 0x00000000c0600000|100%|HC|  |TAMS 0x00000000c0600000, 0x00000000c0500000| Untracked 
|   6|0x00000000c0600000, 0x00000000c0700000, 0x00000000c0700000|100%| O|  |TAMS 0x00000000c0700000, 0x00000000c0600000| Untracked 
|   7|0x00000000c0700000, 0x00000000c0800000, 0x00000000c0800000|100%| O|  |TAMS 0x00000000c0800000, 0x00000000c0700000| Untracked 
|   8|0x00000000c0800000, 0x00000000c0900000, 0x00000000c0900000|100%| O|  |TAMS 0x00000000c0900000, 0x00000000c0800000| Untracked 
|   9|0x00000000c0900000, 0x00000000c0a00000, 0x00000000c0a00000|100%| O|  |TAMS 0x00000000c0a00000, 0x00000000c0900000| Untracked 
|  10|0x00000000c0a00000, 0x00000000c0b00000, 0x00000000c0b00000|100%| O|  |TAMS 0x00000000c0b00000, 0x00000000c0a00000| Untracked 
|  11|0x00000000c0b00000, 0x00000000c0c00000, 0x00000000c0c00000|100%| O|  |TAMS 0x00000000c0c00000, 0x00000000c0b00000| Untracked 
|  12|0x00000000c0c00000, 0x00000000c0cffff8, 0x00000000c0d00000| 99%| O|  |TAMS 0x00000000c0cffff8, 0x00000000c0c00000| Untracked 
|  13|0x00000000c0d00000, 0x00000000c0e00000, 0x00000000c0e00000|100%| O|  |TAMS 0x00000000c0e00000, 0x00000000c0d00000| Untracked 
|  14|0x00000000c0e00000, 0x00000000c0efffd0, 0x00000000c0f00000| 99%| O|  |TAMS 0x00000000c0efffd0, 0x00000000c0e00000| Untracked 
|  15|0x00000000c0f00000, 0x00000000c0fffff0, 0x00000000c1000000| 99%| O|  |TAMS 0x00000000c0fffff0, 0x00000000c0f00000| Untracked 
|  16|0x00000000c1000000, 0x00000000c10ffff0, 0x00000000c1100000| 99%| O|  |TAMS 0x00000000c10ffff0, 0x00000000c1000000| Untracked 
|  17|0x00000000c1100000, 0x00000000c11ffff8, 0x00000000c1200000| 99%| O|  |TAMS 0x00000000c11ffff8, 0x00000000c1100000| Untracked 
|  18|0x00000000c1200000, 0x00000000c12fffd0, 0x00000000c1300000| 99%| O|  |TAMS 0x00000000c12fffd0, 0x00000000c1200000| Untracked 
|  19|0x00000000c1300000, 0x00000000c13ffff0, 0x00000000c1400000| 99%| O|  |TAMS 0x00000000c13ffff0, 0x00000000c1300000| Untracked 
|  20|0x00000000c1400000, 0x00000000c1500000, 0x00000000c1500000|100%| O|  |TAMS 0x00000000c1500000, 0x00000000c1400000| Untracked 
|  21|0x00000000c1500000, 0x00000000c15ffff0, 0x00000000c1600000| 99%| O|  |TAMS 0x00000000c15ffff0, 0x00000000c1500000| Untracked 
|  22|0x00000000c1600000, 0x00000000c16fcc50, 0x00000000c1700000| 98%| O|  |TAMS 0x00000000c16fcc50, 0x00000000c1600000| Untracked 
|  23|0x00000000c1700000, 0x00000000c1790d20, 0x00000000c1800000| 56%| O|  |TAMS 0x00000000c1700000, 0x00000000c1700000| Untracked 
|  24|0x00000000c1800000, 0x00000000c18000f8, 0x00000000c1900000|  0%| O|  |TAMS 0x00000000c1800000, 0x00000000c1800000| Untracked 
|  25|0x00000000c1900000, 0x00000000c1900000, 0x00000000c1a00000|  0%| F|  |TAMS 0x00000000c1900000, 0x00000000c1900000| Untracked 
|  26|0x00000000c1a00000, 0x00000000c1a00000, 0x00000000c1b00000|  0%| F|  |TAMS 0x00000000c1a00000, 0x00000000c1a00000| Untracked 
|  27|0x00000000c1b00000, 0x00000000c1b00000, 0x00000000c1c00000|  0%| F|  |TAMS 0x00000000c1b00000, 0x00000000c1b00000| Untracked 
|  28|0x00000000c1c00000, 0x00000000c1c00000, 0x00000000c1d00000|  0%| F|  |TAMS 0x00000000c1c00000, 0x00000000c1c00000| Untracked 
|  29|0x00000000c1d00000, 0x00000000c1d00000, 0x00000000c1e00000|  0%| F|  |TAMS 0x00000000c1d00000, 0x00000000c1d00000| Untracked 
|  30|0x00000000c1e00000, 0x00000000c1e00000, 0x00000000c1f00000|  0%| F|  |TAMS 0x00000000c1e00000, 0x00000000c1e00000| Untracked 
|  31|0x00000000c1f00000, 0x00000000c1f00000, 0x00000000c2000000|  0%| F|  |TAMS 0x00000000c1f00000, 0x00000000c1f00000| Untracked 
|  32|0x00000000c2000000, 0x00000000c2000000, 0x00000000c2100000|  0%| F|  |TAMS 0x00000000c2000000, 0x00000000c2000000| Untracked 
|  33|0x00000000c2100000, 0x00000000c2100000, 0x00000000c2200000|  0%| F|  |TAMS 0x00000000c2100000, 0x00000000c2100000| Untracked 
|  34|0x00000000c2200000, 0x00000000c2200000, 0x00000000c2300000|  0%| F|  |TAMS 0x00000000c2200000, 0x00000000c2200000| Untracked 
|  35|0x00000000c2300000, 0x00000000c2300000, 0x00000000c2400000|  0%| F|  |TAMS 0x00000000c2300000, 0x00000000c2300000| Untracked 
|  36|0x00000000c2400000, 0x00000000c2400000, 0x00000000c2500000|  0%| F|  |TAMS 0x00000000c2400000, 0x00000000c2400000| Untracked 
|  37|0x00000000c2500000, 0x00000000c2500000, 0x00000000c2600000|  0%| F|  |TAMS 0x00000000c2500000, 0x00000000c2500000| Untracked 
|  38|0x00000000c2600000, 0x00000000c2600000, 0x00000000c2700000|  0%| F|  |TAMS 0x00000000c2600000, 0x00000000c2600000| Untracked 
|  39|0x00000000c2700000, 0x00000000c2700000, 0x00000000c2800000|  0%| F|  |TAMS 0x00000000c2700000, 0x00000000c2700000| Untracked 
|  40|0x00000000c2800000, 0x00000000c2800000, 0x00000000c2900000|  0%| F|  |TAMS 0x00000000c2800000, 0x00000000c2800000| Untracked 
|  41|0x00000000c2900000, 0x00000000c2900000, 0x00000000c2a00000|  0%| F|  |TAMS 0x00000000c2900000, 0x00000000c2900000| Untracked 
|  42|0x00000000c2a00000, 0x00000000c2a00000, 0x00000000c2b00000|  0%| F|  |TAMS 0x00000000c2a00000, 0x00000000c2a00000| Untracked 
|  43|0x00000000c2b00000, 0x00000000c2b00000, 0x00000000c2c00000|  0%| F|  |TAMS 0x00000000c2b00000, 0x00000000c2b00000| Untracked 
|  44|0x00000000c2c00000, 0x00000000c2c00000, 0x00000000c2d00000|  0%| F|  |TAMS 0x00000000c2c00000, 0x00000000c2c00000| Untracked 
|  45|0x00000000c2d00000, 0x00000000c2d00000, 0x00000000c2e00000|  0%| F|  |TAMS 0x00000000c2d00000, 0x00000000c2d00000| Untracked 
|  46|0x00000000c2e00000, 0x00000000c2e00000, 0x00000000c2f00000|  0%| F|  |TAMS 0x00000000c2e00000, 0x00000000c2e00000| Untracked 
|  47|0x00000000c2f00000, 0x00000000c2f00000, 0x00000000c3000000|  0%| F|  |TAMS 0x00000000c2f00000, 0x00000000c2f00000| Untracked 
|  48|0x00000000c3000000, 0x00000000c3000000, 0x00000000c3100000|  0%| F|  |TAMS 0x00000000c3000000, 0x00000000c3000000| Untracked 
|  49|0x00000000c3100000, 0x00000000c3100000, 0x00000000c3200000|  0%| F|  |TAMS 0x00000000c3100000, 0x00000000c3100000| Untracked 
|  50|0x00000000c3200000, 0x00000000c3200000, 0x00000000c3300000|  0%| F|  |TAMS 0x00000000c3200000, 0x00000000c3200000| Untracked 
|  51|0x00000000c3300000, 0x00000000c3300000, 0x00000000c3400000|  0%| F|  |TAMS 0x00000000c3300000, 0x00000000c3300000| Untracked 
|  52|0x00000000c3400000, 0x00000000c3400000, 0x00000000c3500000|  0%| F|  |TAMS 0x00000000c3400000, 0x00000000c3400000| Untracked 
|  53|0x00000000c3500000, 0x00000000c3500000, 0x00000000c3600000|  0%| F|  |TAMS 0x00000000c3500000, 0x00000000c3500000| Untracked 
|  54|0x00000000c3600000, 0x00000000c3600000, 0x00000000c3700000|  0%| F|  |TAMS 0x00000000c3600000, 0x00000000c3600000| Untracked 
|  55|0x00000000c3700000, 0x00000000c3700000, 0x00000000c3800000|  0%| F|  |TAMS 0x00000000c3700000, 0x00000000c3700000| Untracked 
|  56|0x00000000c3800000, 0x00000000c3800000, 0x00000000c3900000|  0%| F|  |TAMS 0x00000000c3800000, 0x00000000c3800000| Untracked 
|  57|0x00000000c3900000, 0x00000000c3900000, 0x00000000c3a00000|  0%| F|  |TAMS 0x00000000c3900000, 0x00000000c3900000| Untracked 
|  58|0x00000000c3a00000, 0x00000000c3a00000, 0x00000000c3b00000|  0%| F|  |TAMS 0x00000000c3a00000, 0x00000000c3a00000| Untracked 
|  59|0x00000000c3b00000, 0x00000000c3b00000, 0x00000000c3c00000|  0%| F|  |TAMS 0x00000000c3b00000, 0x00000000c3b00000| Untracked 
|  60|0x00000000c3c00000, 0x00000000c3c00000, 0x00000000c3d00000|  0%| F|  |TAMS 0x00000000c3c00000, 0x00000000c3c00000| Untracked 
|  61|0x00000000c3d00000, 0x00000000c3d00000, 0x00000000c3e00000|  0%| F|  |TAMS 0x00000000c3d00000, 0x00000000c3d00000| Untracked 
|  62|0x00000000c3e00000, 0x00000000c3e00000, 0x00000000c3f00000|  0%| F|  |TAMS 0x00000000c3e00000, 0x00000000c3e00000| Untracked 
|  63|0x00000000c3f00000, 0x00000000c3f00000, 0x00000000c4000000|  0%| F|  |TAMS 0x00000000c3f00000, 0x00000000c3f00000| Untracked 
|  64|0x00000000c4000000, 0x00000000c4000000, 0x00000000c4100000|  0%| F|  |TAMS 0x00000000c4000000, 0x00000000c4000000| Untracked 
|  65|0x00000000c4100000, 0x00000000c4100000, 0x00000000c4200000|  0%| F|  |TAMS 0x00000000c4100000, 0x00000000c4100000| Untracked 
|  66|0x00000000c4200000, 0x00000000c4200000, 0x00000000c4300000|  0%| F|  |TAMS 0x00000000c4200000, 0x00000000c4200000| Untracked 
|  67|0x00000000c4300000, 0x00000000c4300000, 0x00000000c4400000|  0%| F|  |TAMS 0x00000000c4300000, 0x00000000c4300000| Untracked 
| 104|0x00000000c6800000, 0x00000000c6800000, 0x00000000c6900000|  0%| F|  |TAMS 0x00000000c6800000, 0x00000000c6800000| Untracked 
| 105|0x00000000c6900000, 0x00000000c6900000, 0x00000000c6a00000|  0%| F|  |TAMS 0x00000000c6900000, 0x00000000c6900000| Untracked 
| 106|0x00000000c6a00000, 0x00000000c6a00000, 0x00000000c6b00000|  0%| F|  |TAMS 0x00000000c6a00000, 0x00000000c6a00000| Untracked 
| 107|0x00000000c6b00000, 0x00000000c6b00000, 0x00000000c6c00000|  0%| F|  |TAMS 0x00000000c6b00000, 0x00000000c6b00000| Untracked 
| 108|0x00000000c6c00000, 0x00000000c6c00000, 0x00000000c6d00000|  0%| F|  |TAMS 0x00000000c6c00000, 0x00000000c6c00000| Untracked 
| 123|0x00000000c7b00000, 0x00000000c7b22a88, 0x00000000c7c00000| 13%| E|  |TAMS 0x00000000c7b00000, 0x00000000c7b00000| Complete 

Card table byte_map: [0x000001e960f10000,0x000001e961110000] _byte_map_base: 0x000001e960910000

Marking Bits (Prev, Next): (CMBitMap*) 0x000001e95afbd410, (CMBitMap*) 0x000001e95afbd450
 Prev Bits: [0x000001e961310000, 0x000001e962310000)
 Next Bits: [0x000001e962310000, 0x000001e963310000)

Polling page: 0x000001e958f00000

Metaspace:

Usage:
  Non-class:     32.90 MB used.
      Class:      5.00 MB used.
       Both:     37.90 MB used.

Virtual space:
  Non-class space:       64.00 MB reserved,      33.25 MB ( 52%) committed,  1 nodes.
      Class space:        1.00 GB reserved,       5.25 MB ( <1%) committed,  1 nodes.
             Both:        1.06 GB reserved,      38.50 MB (  4%) committed. 

Chunk freelists:
   Non-Class:  14.88 MB
       Class:  10.80 MB
        Both:  25.69 MB

MaxMetaspaceSize: unlimited
CompressedClassSpaceSize: 1.00 GB
Initial GC threshold: 21.00 MB
Current GC threshold: 64.19 MB
CDS: off
MetaspaceReclaimPolicy: balanced
 - commit_granule_bytes: 65536.
 - commit_granule_words: 8192.
 - virtual_space_node_default_size: 8388608.
 - enlarge_chunks_in_place: 1.
 - new_chunks_are_fully_committed: 0.
 - uncommit_free_chunks: 1.
 - use_allocation_guard: 0.
 - handle_deallocations: 1.


Internal statistics:

num_allocs_failed_limit: 8.
num_arena_births: 502.
num_arena_deaths: 152.
num_vsnodes_births: 2.
num_vsnodes_deaths: 0.
num_space_committed: 616.
num_space_uncommitted: 0.
num_chunks_returned_to_freelist: 177.
num_chunks_taken_from_freelist: 1653.
num_chunk_merges: 57.
num_chunk_splits: 1155.
num_chunks_enlarged: 871.
num_inconsistent_stats: 0.

CodeCache: size=49152Kb used=6866Kb max_used=8342Kb free=42285Kb
 bounds [0x000001e95dc00000, 0x000001e95e430000, 0x000001e960c00000]
 total_blobs=4243 nmethods=3700 adapters=470
 compilation: enabled
              stopped_count=0, restarted_count=0
 full_count=0

Compilation events (20 events):
Event: 2894.694 Thread 0x000001e96a01ac90 3697       1       java.lang.ProcessHandleImpl::<init> (27 bytes)
Event: 2894.698 Thread 0x000001e96a01ac90 nmethod 3697 0x000001e95e0a3290 code [0x000001e95e0a3420, 0x000001e95e0a3518]
Event: 2904.987 Thread 0x000001e96a01ac90 3698       1       java.lang.ProcessBuilder::environment (147 bytes)
Event: 2905.057 Thread 0x000001e96a01ac90 nmethod 3698 0x000001e95e0a2190 code [0x000001e95e0a23e0, 0x000001e95e0a2928]
Event: 2905.057 Thread 0x000001e96a01ac90 3704       1       java.lang.invoke.Invokers$Holder::linkToTargetMethod (9 bytes)
Event: 2905.057 Thread 0x000001e96a01ac90 nmethod 3704 0x000001e95e0a1e10 code [0x000001e95e0a1fc0, 0x000001e95e0a20d8]
Event: 2905.057 Thread 0x000001e96a01ac90 3705       1       java.lang.invoke.LambdaForm$DMH/0x0000000100544c00::newInvokeSpecial (23 bytes)
Event: 2905.062 Thread 0x000001e96a01ac90 nmethod 3705 0x000001e95e0a1990 code [0x000001e95e0a1b40, 0x000001e95e0a1cc8]
Event: 2905.393 Thread 0x000001e96a01ac90 3706   !   1       java.io.FilterOutputStream::close (183 bytes)
Event: 2905.440 Thread 0x000001e96a01ac90 nmethod 3706 0x000001e95e0a0810 code [0x000001e95e0a0a20, 0x000001e95e0a0ef8]
Event: 2905.440 Thread 0x000001e96a01ac90 3711       1       java.lang.ProcessImpl$$Lambda$775/0x00000001003e2b60::run (8 bytes)
Event: 2905.440 Thread 0x000001e96a01ac90 nmethod 3711 0x000001e95e0a0510 code [0x000001e95e0a06a0, 0x000001e95e0a0788]
Event: 2905.440 Thread 0x000001e96a01ac90 3712       1       java.lang.ProcessImpl::lambda$new$0 (6 bytes)
Event: 2905.440 Thread 0x000001e96a01ac90 nmethod 3712 0x000001e95e0a0210 code [0x000001e95e0a03a0, 0x000001e95e0a0468]
Event: 2905.440 Thread 0x000001e96a01ac90 3707   !   1       java.io.FileOutputStream::close (69 bytes)
Event: 2905.460 Thread 0x000001e96a01ac90 nmethod 3707 0x000001e95e09fb90 code [0x000001e95e09fd60, 0x000001e95e0a00d8]
Event: 2905.460 Thread 0x000001e96a01ac90 3708       1       java.io.FileOutputStream$1::<init> (10 bytes)
Event: 2905.460 Thread 0x000001e96a01ac90 nmethod 3708 0x000001e95e09f890 code [0x000001e95e09fa20, 0x000001e95e09fb38]
Event: 2905.460 Thread 0x000001e96a01ac90 3709       1       java.io.FileOutputStream$1::close (11 bytes)
Event: 2905.461 Thread 0x000001e96a01ac90 nmethod 3709 0x000001e95e09f210 code [0x000001e95e09f3c0, 0x000001e95e09f6d8]

GC Heap History (20 events):
Event: 2980.223 GC heap before
{Heap before GC invocations=272 (full 262):
 garbage-first heap   total 75776K, used 24118K [0x00000000c0000000, 0x0000000100000000)
  region size 1024K, 1 young (1024K), 0 survivors (0K)
 Metaspace       used 38806K, committed 39424K, reserved 1114112K
  class space    used 5117K, committed 5376K, reserved 1048576K
}
Event: 2980.268 GC heap after
{Heap after GC invocations=273 (full 263):
 garbage-first heap   total 75776K, used 24118K [0x00000000c0000000, 0x0000000100000000)
  region size 1024K, 0 young (0K), 0 survivors (0K)
 Metaspace       used 38806K, committed 39424K, reserved 1114112K
  class space    used 5117K, committed 5376K, reserved 1048576K
}
Event: 2990.692 GC heap before
{Heap before GC invocations=273 (full 263):
 garbage-first heap   total 75776K, used 24118K [0x00000000c0000000, 0x0000000100000000)
  region size 1024K, 1 young (1024K), 0 survivors (0K)
 Metaspace       used 38806K, committed 39424K, reserved 1114112K
  class space    used 5117K, committed 5376K, reserved 1048576K
}
Event: 2990.716 GC heap after
{Heap after GC invocations=274 (full 264):
 garbage-first heap   total 75776K, used 24118K [0x00000000c0000000, 0x0000000100000000)
  region size 1024K, 0 young (0K), 0 survivors (0K)
 Metaspace       used 38806K, committed 39424K, reserved 1114112K
  class space    used 5117K, committed 5376K, reserved 1048576K
}
Event: 3001.044 GC heap before
{Heap before GC invocations=274 (full 264):
 garbage-first heap   total 75776K, used 24118K [0x00000000c0000000, 0x0000000100000000)
  region size 1024K, 1 young (1024K), 0 survivors (0K)
 Metaspace       used 38806K, committed 39424K, reserved 1114112K
  class space    used 5117K, committed 5376K, reserved 1048576K
}
Event: 3001.071 GC heap after
{Heap after GC invocations=275 (full 265):
 garbage-first heap   total 75776K, used 24118K [0x00000000c0000000, 0x0000000100000000)
  region size 1024K, 0 young (0K), 0 survivors (0K)
 Metaspace       used 38806K, committed 39424K, reserved 1114112K
  class space    used 5117K, committed 5376K, reserved 1048576K
}
Event: 3011.486 GC heap before
{Heap before GC invocations=275 (full 265):
 garbage-first heap   total 75776K, used 24118K [0x00000000c0000000, 0x0000000100000000)
  region size 1024K, 1 young (1024K), 0 survivors (0K)
 Metaspace       used 38806K, committed 39424K, reserved 1114112K
  class space    used 5117K, committed 5376K, reserved 1048576K
}
Event: 3011.519 GC heap after
{Heap after GC invocations=276 (full 266):
 garbage-first heap   total 75776K, used 24118K [0x00000000c0000000, 0x0000000100000000)
  region size 1024K, 0 young (0K), 0 survivors (0K)
 Metaspace       used 38806K, committed 39424K, reserved 1114112K
  class space    used 5117K, committed 5376K, reserved 1048576K
}
Event: 3021.903 GC heap before
{Heap before GC invocations=276 (full 266):
 garbage-first heap   total 75776K, used 24118K [0x00000000c0000000, 0x0000000100000000)
  region size 1024K, 1 young (1024K), 0 survivors (0K)
 Metaspace       used 38806K, committed 39424K, reserved 1114112K
  class space    used 5117K, committed 5376K, reserved 1048576K
}
Event: 3021.940 GC heap after
{Heap after GC invocations=277 (full 267):
 garbage-first heap   total 75776K, used 24118K [0x00000000c0000000, 0x0000000100000000)
  region size 1024K, 0 young (0K), 0 survivors (0K)
 Metaspace       used 38806K, committed 39424K, reserved 1114112K
  class space    used 5117K, committed 5376K, reserved 1048576K
}
Event: 3033.010 GC heap before
{Heap before GC invocations=277 (full 267):
 garbage-first heap   total 75776K, used 24118K [0x00000000c0000000, 0x0000000100000000)
  region size 1024K, 1 young (1024K), 0 survivors (0K)
 Metaspace       used 38806K, committed 39424K, reserved 1114112K
  class space    used 5117K, committed 5376K, reserved 1048576K
}
Event: 3033.038 GC heap after
{Heap after GC invocations=278 (full 268):
 garbage-first heap   total 75776K, used 24118K [0x00000000c0000000, 0x0000000100000000)
  region size 1024K, 0 young (0K), 0 survivors (0K)
 Metaspace       used 38806K, committed 39424K, reserved 1114112K
  class space    used 5117K, committed 5376K, reserved 1048576K
}
Event: 3043.439 GC heap before
{Heap before GC invocations=278 (full 268):
 garbage-first heap   total 75776K, used 24118K [0x00000000c0000000, 0x0000000100000000)
  region size 1024K, 1 young (1024K), 0 survivors (0K)
 Metaspace       used 38806K, committed 39424K, reserved 1114112K
  class space    used 5117K, committed 5376K, reserved 1048576K
}
Event: 3043.464 GC heap after
{Heap after GC invocations=279 (full 269):
 garbage-first heap   total 75776K, used 24118K [0x00000000c0000000, 0x0000000100000000)
  region size 1024K, 0 young (0K), 0 survivors (0K)
 Metaspace       used 38806K, committed 39424K, reserved 1114112K
  class space    used 5117K, committed 5376K, reserved 1048576K
}
Event: 3053.866 GC heap before
{Heap before GC invocations=279 (full 269):
 garbage-first heap   total 75776K, used 24118K [0x00000000c0000000, 0x0000000100000000)
  region size 1024K, 1 young (1024K), 0 survivors (0K)
 Metaspace       used 38806K, committed 39424K, reserved 1114112K
  class space    used 5117K, committed 5376K, reserved 1048576K
}
Event: 3053.894 GC heap after
{Heap after GC invocations=280 (full 270):
 garbage-first heap   total 75776K, used 24118K [0x00000000c0000000, 0x0000000100000000)
  region size 1024K, 0 young (0K), 0 survivors (0K)
 Metaspace       used 38806K, committed 39424K, reserved 1114112K
  class space    used 5117K, committed 5376K, reserved 1048576K
}
Event: 3064.283 GC heap before
{Heap before GC invocations=280 (full 270):
 garbage-first heap   total 75776K, used 24118K [0x00000000c0000000, 0x0000000100000000)
  region size 1024K, 1 young (1024K), 0 survivors (0K)
 Metaspace       used 38806K, committed 39424K, reserved 1114112K
  class space    used 5117K, committed 5376K, reserved 1048576K
}
Event: 3064.309 GC heap after
{Heap after GC invocations=281 (full 271):
 garbage-first heap   total 75776K, used 24118K [0x00000000c0000000, 0x0000000100000000)
  region size 1024K, 0 young (0K), 0 survivors (0K)
 Metaspace       used 38806K, committed 39424K, reserved 1114112K
  class space    used 5117K, committed 5376K, reserved 1048576K
}
Event: 3074.750 GC heap before
{Heap before GC invocations=281 (full 271):
 garbage-first heap   total 75776K, used 24118K [0x00000000c0000000, 0x0000000100000000)
  region size 1024K, 1 young (1024K), 0 survivors (0K)
 Metaspace       used 38806K, committed 39424K, reserved 1114112K
  class space    used 5117K, committed 5376K, reserved 1048576K
}
Event: 3074.780 GC heap after
{Heap after GC invocations=282 (full 272):
 garbage-first heap   total 75776K, used 24118K [0x00000000c0000000, 0x0000000100000000)
  region size 1024K, 0 young (0K), 0 survivors (0K)
 Metaspace       used 38806K, committed 39424K, reserved 1114112K
  class space    used 5117K, committed 5376K, reserved 1048576K
}

Dll operation events (8 events):
Event: 0.017 Loaded shared library c:\Users\aniln\.vscode\extensions\redhat.java-1.28.1-win32-x64\jre\17.0.10-win32-x86_64\bin\java.dll
Event: 0.314 Loaded shared library C:\Users\aniln\.vscode\extensions\redhat.java-1.28.1-win32-x64\jre\17.0.10-win32-x86_64\bin\net.dll
Event: 0.319 Loaded shared library C:\Users\aniln\.vscode\extensions\redhat.java-1.28.1-win32-x64\jre\17.0.10-win32-x86_64\bin\nio.dll
Event: 0.332 Loaded shared library C:\Users\aniln\.vscode\extensions\redhat.java-1.28.1-win32-x64\jre\17.0.10-win32-x86_64\bin\zip.dll
Event: 2.313 Loaded shared library C:\Users\aniln\.vscode\extensions\redhat.java-1.28.1-win32-x64\jre\17.0.10-win32-x86_64\bin\jimage.dll
Event: 15.088 Loaded shared library c:\Users\aniln\.vscode\extensions\redhat.java-1.28.1-win32-x64\jre\17.0.10-win32-x86_64\bin\verify.dll
Event: 25.495 Loaded shared library C:\Users\aniln\.vscode\extensions\redhat.java-1.28.1-win32-x64\jre\17.0.10-win32-x86_64\bin\management.dll
Event: 25.499 Loaded shared library C:\Users\aniln\.vscode\extensions\redhat.java-1.28.1-win32-x64\jre\17.0.10-win32-x86_64\bin\management_ext.dll

Deoptimization events (4 events):
Event: 25.947 Thread 0x000001e96a2328d0 DEOPT PACKING pc=0x000001e95df72b01 sp=0x000000e65d7fe010
Event: 25.947 Thread 0x000001e96a2328d0 DEOPT UNPACKING pc=0x000001e95dc5ace3 sp=0x000000e65d7fd4a0 mode 3
Event: 25.966 Thread 0x000001e96a2332f0 DEOPT PACKING pc=0x000001e95df95697 sp=0x000000e65d8fed00
Event: 25.966 Thread 0x000001e96a2332f0 DEOPT UNPACKING pc=0x000001e95dc5ace3 sp=0x000000e65d8fe158 mode 3

Classes unloaded (20 events):
Event: 88.559 Thread 0x000001e965d540a0 Unloading class 0x00000001003a0000 'java/lang/invoke/LambdaForm$DMH+0x00000001003a0000'
Event: 88.559 Thread 0x000001e965d540a0 Unloading class 0x0000000100265c00 'java/lang/invoke/LambdaForm$MH+0x0000000100265c00'
Event: 88.559 Thread 0x000001e965d540a0 Unloading class 0x0000000100096000 'java/lang/invoke/LambdaForm$MH+0x0000000100096000'
Event: 88.559 Thread 0x000001e965d540a0 Unloading class 0x0000000100095c00 'java/lang/invoke/LambdaForm$MH+0x0000000100095c00'
Event: 88.559 Thread 0x000001e965d540a0 Unloading class 0x0000000100095800 'java/lang/invoke/LambdaForm$MH+0x0000000100095800'
Event: 88.559 Thread 0x000001e965d540a0 Unloading class 0x0000000100095400 'java/lang/invoke/LambdaForm$MH+0x0000000100095400'
Event: 88.559 Thread 0x000001e965d540a0 Unloading class 0x0000000100095000 'java/lang/invoke/LambdaForm$MH+0x0000000100095000'
Event: 88.559 Thread 0x000001e965d540a0 Unloading class 0x0000000100094c00 'java/lang/invoke/LambdaForm$MH+0x0000000100094c00'
Event: 88.559 Thread 0x000001e965d540a0 Unloading class 0x0000000100094800 'java/lang/invoke/LambdaForm$MH+0x0000000100094800'
Event: 88.559 Thread 0x000001e965d540a0 Unloading class 0x0000000100094400 'java/lang/invoke/LambdaForm$MH+0x0000000100094400'
Event: 88.559 Thread 0x000001e965d540a0 Unloading class 0x000000010008e800 'java/lang/invoke/LambdaForm$MH+0x000000010008e800'
Event: 88.559 Thread 0x000001e965d540a0 Unloading class 0x000000010008e400 'java/lang/invoke/LambdaForm$MH+0x000000010008e400'
Event: 88.559 Thread 0x000001e965d540a0 Unloading class 0x000000010008e000 'java/lang/invoke/LambdaForm$MH+0x000000010008e000'
Event: 88.559 Thread 0x000001e965d540a0 Unloading class 0x000000010008dc00 'java/lang/invoke/LambdaForm$MH+0x000000010008dc00'
Event: 88.559 Thread 0x000001e965d540a0 Unloading class 0x000000010008d800 'java/lang/invoke/LambdaForm$MH+0x000000010008d800'
Event: 88.559 Thread 0x000001e965d540a0 Unloading class 0x000000010008d400 'java/lang/invoke/LambdaForm$MH+0x000000010008d400'
Event: 88.559 Thread 0x000001e965d540a0 Unloading class 0x000000010008cc00 'java/lang/invoke/LambdaForm$MH+0x000000010008cc00'
Event: 88.559 Thread 0x000001e965d540a0 Unloading class 0x000000010008c800 'java/lang/invoke/LambdaForm$MH+0x000000010008c800'
Event: 88.559 Thread 0x000001e965d540a0 Unloading class 0x000000010008c000 'java/lang/invoke/LambdaForm$MH+0x000000010008c000'
Event: 88.559 Thread 0x000001e965d540a0 Unloading class 0x000000010008bc00 'java/lang/invoke/LambdaForm$MH+0x000000010008bc00'

Classes redefined (0 events):
No events

Internal exceptions (20 events):
Event: 22.758 Thread 0x000001e95af7b560 Exception <a 'java/lang/NoSuchMethodError'{0x00000000c4044bf8}: 'java.lang.Object java.lang.invoke.DirectMethodHandle$Holder.invokeSpecial(java.lang.Object, java.lang.Object, int, java.lang.Object, java.lang.Object)'> (0x00000000c4044bf8) 
thrown [s\src\hotspot\share\interpreter\linkResolver.cpp, line 759]
Event: 22.758 Thread 0x000001e95af7b560 Exception <a 'java/lang/NoSuchMethodError'{0x00000000c40488a0}: 'java.lang.Object java.lang.invoke.DelegatingMethodHandle$Holder.delegate(java.lang.Object, int, java.lang.Object, java.lang.Object)'> (0x00000000c40488a0) 
thrown [s\src\hotspot\share\interpreter\linkResolver.cpp, line 759]
Event: 22.759 Thread 0x000001e95af7b560 Exception <a 'java/lang/NoSuchMethodError'{0x00000000c4059728}: 'int java.lang.invoke.Invokers$Holder.linkToTargetMethod(java.lang.Object, java.lang.Object, java.lang.Object)'> (0x00000000c4059728) 
thrown [s\src\hotspot\share\interpreter\linkResolver.cpp, line 759]
Event: 23.468 Thread 0x000001e95af7b560 Exception <a 'java/lang/NoSuchMethodError'{0x00000000c3b20990}: 'java.lang.Object java.lang.invoke.DirectMethodHandle$Holder.invokeStaticInit(java.lang.Object, int, int, int, int)'> (0x00000000c3b20990) 
thrown [s\src\hotspot\share\interpreter\linkResolver.cpp, line 759]
Event: 23.593 Thread 0x000001e95af7b560 Exception <a 'java/lang/NoSuchMethodError'{0x00000000c3b5a9e8}: 'java.lang.Object java.lang.invoke.DirectMethodHandle$Holder.invokeStaticInit(java.lang.Object, java.lang.Object, int, int, int, int)'> (0x00000000c3b5a9e8) 
thrown [s\src\hotspot\share\interpreter\linkResolver.cpp, line 759]
Event: 24.502 Thread 0x000001e95af7b560 Exception <a 'java/lang/NoSuchMethodError'{0x00000000c33a6080}: 'void java.lang.invoke.DirectMethodHandle$Holder.invokeSpecialIFC(java.lang.Object, java.lang.Object, java.lang.Object)'> (0x00000000c33a6080) 
thrown [s\src\hotspot\share\interpreter\linkResolver.cpp, line 759]
Event: 25.027 Thread 0x000001e95af7b560 Exception <a 'java/lang/NoSuchMethodError'{0x00000000c3f82c80}: 'int java.lang.invoke.DirectMethodHandle$Holder.invokeStaticInit(java.lang.Object, java.lang.Object, int, java.lang.Object)'> (0x00000000c3f82c80) 
thrown [s\src\hotspot\share\interpreter\linkResolver.cpp, line 759]
Event: 25.086 Thread 0x000001e95af7b560 Exception <a 'java/lang/NoSuchMethodError'{0x00000000c3e93c18}: 'void java.lang.invoke.DirectMethodHandle$Holder.invokeSpecial(java.lang.Object, java.lang.Object, java.lang.Object, java.lang.Object, java.lang.Object, java.lang.Object, java.lang.Object)'> (0x00000000c3e93c18) 
thrown [s\src\hotspot\share\interpreter\linkResolver.cpp, line 759]
Event: 25.283 Thread 0x000001e95af7b560 Exception <a 'java/lang/NoSuchMethodError'{0x00000000c3927690}: 'java.lang.Object java.lang.invoke.DirectMethodHandle$Holder.invokeInterface(java.lang.Object, java.lang.Object, int)'> (0x00000000c3927690) 
thrown [s\src\hotspot\share\interpreter\linkResolver.cpp, line 759]
Event: 25.285 Thread 0x000001e95af7b560 Exception <a 'java/lang/IncompatibleClassChangeError'{0x00000000c393df58}: Found class java.lang.Object, but interface was expected> (0x00000000c393df58) 
thrown [s\src\hotspot\share\interpreter\linkResolver.cpp, line 826]
Event: 25.485 Thread 0x000001e95af7b560 Exception <a 'java/lang/NoSuchMethodError'{0x00000000c6ba82f0}: 'java.lang.Object java.lang.invoke.DirectMethodHandle$Holder.newInvokeSpecial(java.lang.Object, java.lang.Object, int, java.lang.Object, java.lang.Object)'> (0x00000000c6ba82f0) 
thrown [s\src\hotspot\share\interpreter\linkResolver.cpp, line 759]
Event: 25.488 Thread 0x000001e95af7b560 Exception <a 'java/lang/NoSuchMethodError'{0x00000000c6bbb410}: 'java.lang.Object java.lang.invoke.DirectMethodHandle$Holder.invokeSpecial(java.lang.Object, java.lang.Object, int, java.lang.Object, int, java.lang.Object)'> (0x00000000c6bbb410) 
thrown [s\src\hotspot\share\interpreter\linkResolver.cpp, line 759]
Event: 25.488 Thread 0x000001e95af7b560 Exception <a 'java/lang/NoSuchMethodError'{0x00000000c6bc3218}: 'java.lang.Object java.lang.invoke.DirectMethodHandle$Holder.newInvokeSpecial(java.lang.Object, java.lang.Object, int, java.lang.Object, int)'> (0x00000000c6bc3218) 
thrown [s\src\hotspot\share\interpreter\linkResolver.cpp, line 759]
Event: 25.488 Thread 0x000001e95af7b560 Exception <a 'java/lang/NoSuchMethodError'{0x00000000c6bc7318}: 'java.lang.Object java.lang.invoke.DirectMethodHandle$Holder.invokeSpecial(java.lang.Object, java.lang.Object, java.lang.Object, int, java.lang.Object, int)'> (0x00000000c6bc7318) 
thrown [s\src\hotspot\share\interpreter\linkResolver.cpp, line 759]
Event: 25.832 Thread 0x000001e96a2332f0 Exception <a 'java/lang/NoSuchMethodError'{0x00000000c3c69070}: 'java.lang.Object java.lang.invoke.DirectMethodHandle$Holder.invokeStatic(java.lang.Object, int, java.lang.Object)'> (0x00000000c3c69070) 
thrown [s\src\hotspot\share\interpreter\linkResolver.cpp, line 759]
Event: 25.906 Thread 0x000001e96a2328d0 Exception <a 'java/lang/NoSuchMethodError'{0x00000000c3c54780}: 'java.lang.Object java.lang.invoke.DirectMethodHandle$Holder.invokeStatic(java.lang.Object, java.lang.Object, java.lang.Object, int, java.lang.Object, java.lang.Object)'> (0x00000000c3c54780) 
thrown [s\src\hotspot\share\interpreter\linkResolver.cpp, line 759]
Event: 26.580 Thread 0x000001e96b8461f0 Exception <a 'java/lang/NoSuchMethodError'{0x00000000c3337918}: 'int java.lang.invoke.DirectMethodHandle$Holder.invokeStatic(java.lang.Object)'> (0x00000000c3337918) 
thrown [s\src\hotspot\share\interpreter\linkResolver.cpp, line 759]
Event: 26.581 Thread 0x000001e96b8461f0 Exception <a 'java/lang/NoSuchMethodError'{0x00000000c333ad18}: 'int java.lang.invoke.DirectMethodHandle$Holder.invokeStaticInit(java.lang.Object)'> (0x00000000c333ad18) 
thrown [s\src\hotspot\share\interpreter\linkResolver.cpp, line 759]
Event: 66.281 Thread 0x000001e96a230f80 Exception <a 'java/lang/NoSuchMethodError'{0x00000000c6b02aa8}: 'void java.lang.invoke.DirectMethodHandle$Holder.invokeStatic(java.lang.Object, long)'> (0x00000000c6b02aa8) 
thrown [s\src\hotspot\share\interpreter\linkResolver.cpp, line 759]
Event: 66.324 Thread 0x000001e96a230f80 Exception <a 'java/lang/NoSuchMethodError'{0x00000000c6b07e50}: 'java.lang.Object java.lang.invoke.DirectMethodHandle$Holder.newInvokeSpecial(java.lang.Object, long)'> (0x00000000c6b07e50) 
thrown [s\src\hotspot\share\interpreter\linkResolver.cpp, line 759]

VM Operations (20 events):
Event: 2980.269 Executing VM operation: G1CollectFull done
Event: 2990.692 Executing VM operation: G1CollectFull
Event: 2990.716 Executing VM operation: G1CollectFull done
Event: 3001.044 Executing VM operation: G1CollectFull
Event: 3001.071 Executing VM operation: G1CollectFull done
Event: 3011.486 Executing VM operation: G1CollectFull
Event: 3011.519 Executing VM operation: G1CollectFull done
Event: 3021.903 Executing VM operation: G1CollectFull
Event: 3021.940 Executing VM operation: G1CollectFull done
Event: 3033.009 Executing VM operation: G1CollectFull
Event: 3033.038 Executing VM operation: G1CollectFull done
Event: 3043.439 Executing VM operation: G1CollectFull
Event: 3043.464 Executing VM operation: G1CollectFull done
Event: 3053.866 Executing VM operation: G1CollectFull
Event: 3053.894 Executing VM operation: G1CollectFull done
Event: 3064.283 Executing VM operation: G1CollectFull
Event: 3064.309 Executing VM operation: G1CollectFull done
Event: 3074.749 Executing VM operation: G1CollectFull
Event: 3074.780 Executing VM operation: G1CollectFull done
Event: 3084.868 Executing VM operation: G1CollectFull

Events (20 events):
Event: 26.583 loading class java/util/concurrent/atomic/AtomicLongFieldUpdater$CASUpdater
Event: 26.583 loading class java/util/concurrent/atomic/AtomicLongFieldUpdater$CASUpdater done
Event: 26.583 loading class java/util/concurrent/atomic/AtomicLongFieldUpdater$CASUpdater$1
Event: 26.584 loading class java/util/concurrent/atomic/AtomicLongFieldUpdater$CASUpdater$1 done
Event: 31.584 Thread 0x000001e96ae7ff60 Thread exited: 0x000001e96ae7ff60
Event: 31.584 Thread 0x000001e96b2d5430 Thread exited: 0x000001e96b2d5430
Event: 65.860 loading class java/lang/ProcessBuilder
Event: 66.138 loading class java/lang/ProcessBuilder done
Event: 66.141 loading class java/lang/ProcessImpl
Event: 66.171 loading class java/lang/ProcessImpl done
Event: 66.329 loading class java/lang/ProcessImpl$2
Event: 66.340 loading class java/lang/ProcessImpl$2 done
Event: 66.349 loading class java/lang/Process$PipeInputStream
Event: 66.350 loading class java/lang/Process$PipeInputStream done
Event: 66.389 loading class jdk/internal/event/ProcessStartEvent
Event: 66.392 loading class jdk/internal/event/ProcessStartEvent done
Event: 66.769 loading class java/io/FileOutputStream$1
Event: 66.770 loading class java/io/FileOutputStream$1 done
Event: 86.015 Thread 0x000001e96b84bd10 Thread exited: 0x000001e96b84bd10
Event: 86.465 Thread 0x000001e96a230560 Thread exited: 0x000001e96a230560


Dynamic libraries:
0x00007ff6512e0000 - 0x00007ff6512ee000 	c:\Users\aniln\.vscode\extensions\redhat.java-1.28.1-win32-x64\jre\17.0.10-win32-x86_64\bin\java.exe
0x00007ffe1e2f0000 - 0x00007ffe1e506000 	C:\Windows\SYSTEM32\ntdll.dll
0x00007ffe1ced0000 - 0x00007ffe1cf94000 	C:\Windows\System32\KERNEL32.DLL
0x00007ffe1bad0000 - 0x00007ffe1be76000 	C:\Windows\System32\KERNELBASE.dll
0x00007ffe1b820000 - 0x00007ffe1b931000 	C:\Windows\System32\ucrtbase.dll
0x00007ffe11a10000 - 0x00007ffe11a27000 	c:\Users\aniln\.vscode\extensions\redhat.java-1.28.1-win32-x64\jre\17.0.10-win32-x86_64\bin\jli.dll
0x00007ffe11af0000 - 0x00007ffe11b0b000 	c:\Users\aniln\.vscode\extensions\redhat.java-1.28.1-win32-x64\jre\17.0.10-win32-x86_64\bin\VCRUNTIME140.dll
0x00007ffe1dc90000 - 0x00007ffe1de3d000 	C:\Windows\System32\USER32.dll
0x00007ffe1b940000 - 0x00007ffe1b966000 	C:\Windows\System32\win32u.dll
0x00007ffe03bb0000 - 0x00007ffe03e43000 	C:\Windows\WinSxS\amd64_microsoft.windows.common-controls_6595b64144ccf1df_6.0.22621.3235_none_270f74e173860f98\COMCTL32.dll
0x00007ffe1e280000 - 0x00007ffe1e2a9000 	C:\Windows\System32\GDI32.dll
0x00007ffe1c5a0000 - 0x00007ffe1c647000 	C:\Windows\System32\msvcrt.dll
0x00007ffe1bef0000 - 0x00007ffe1c008000 	C:\Windows\System32\gdi32full.dll
0x00007ffe1b970000 - 0x00007ffe1ba0a000 	C:\Windows\System32\msvcp_win.dll
0x00007ffe1c140000 - 0x00007ffe1c171000 	C:\Windows\System32\IMM32.DLL
0x00007ffe12280000 - 0x00007ffe1228c000 	c:\Users\aniln\.vscode\extensions\redhat.java-1.28.1-win32-x64\jre\17.0.10-win32-x86_64\bin\vcruntime140_1.dll
0x00007ffdc7730000 - 0x00007ffdc77bd000 	c:\Users\aniln\.vscode\extensions\redhat.java-1.28.1-win32-x64\jre\17.0.10-win32-x86_64\bin\msvcp140.dll
0x00007ffd929f0000 - 0x00007ffd93652000 	c:\Users\aniln\.vscode\extensions\redhat.java-1.28.1-win32-x64\jre\17.0.10-win32-x86_64\bin\server\jvm.dll
0x00007ffe1c440000 - 0x00007ffe1c4f2000 	C:\Windows\System32\ADVAPI32.dll
0x00007ffe1c040000 - 0x00007ffe1c0e8000 	C:\Windows\System32\sechost.dll
0x00007ffe1c010000 - 0x00007ffe1c038000 	C:\Windows\System32\bcrypt.dll
0x00007ffe1d9c0000 - 0x00007ffe1dad5000 	C:\Windows\System32\RPCRT4.dll
0x00007ffdf6db0000 - 0x00007ffdf6db9000 	C:\Windows\SYSTEM32\WSOCK32.dll
0x00007ffe18970000 - 0x00007ffe189a4000 	C:\Windows\SYSTEM32\WINMM.dll
0x00007ffe1b500000 - 0x00007ffe1b54d000 	C:\Windows\SYSTEM32\POWRPROF.dll
0x00007ffe1c520000 - 0x00007ffe1c591000 	C:\Windows\System32\WS2_32.dll
0x00007ffe13d10000 - 0x00007ffe13d1a000 	C:\Windows\SYSTEM32\VERSION.dll
0x00007ffe1b4e0000 - 0x00007ffe1b4f3000 	C:\Windows\SYSTEM32\UMPDC.dll
0x00007ffe1a630000 - 0x00007ffe1a648000 	C:\Windows\SYSTEM32\kernel.appcore.dll
0x00007ffe11c10000 - 0x00007ffe11c1a000 	c:\Users\aniln\.vscode\extensions\redhat.java-1.28.1-win32-x64\jre\17.0.10-win32-x86_64\bin\jimage.dll
0x00007ffe18fd0000 - 0x00007ffe19203000 	C:\Windows\SYSTEM32\DBGHELP.DLL
0x00007ffe1def0000 - 0x00007ffe1e278000 	C:\Windows\System32\combase.dll
0x00007ffe1c350000 - 0x00007ffe1c427000 	C:\Windows\System32\OLEAUT32.dll
0x00007ffe18850000 - 0x00007ffe18882000 	C:\Windows\SYSTEM32\dbgcore.DLL
0x00007ffe1b7a0000 - 0x00007ffe1b81a000 	C:\Windows\System32\bcryptPrimitives.dll
0x00007ffdf4330000 - 0x00007ffdf4355000 	c:\Users\aniln\.vscode\extensions\redhat.java-1.28.1-win32-x64\jre\17.0.10-win32-x86_64\bin\java.dll
0x00007ffe076a0000 - 0x00007ffe076b8000 	c:\Users\aniln\.vscode\extensions\redhat.java-1.28.1-win32-x64\jre\17.0.10-win32-x86_64\bin\zip.dll
0x00007ffe1d160000 - 0x00007ffe1d9bd000 	C:\Windows\System32\SHELL32.dll
0x00007ffe193e0000 - 0x00007ffe19cd8000 	C:\Windows\SYSTEM32\windows.storage.dll
0x00007ffe19d00000 - 0x00007ffe19e3e000 	C:\Windows\SYSTEM32\wintypes.dll
0x00007ffe1dae0000 - 0x00007ffe1dbd3000 	C:\Windows\System32\SHCORE.dll
0x00007ffe1c650000 - 0x00007ffe1c6ae000 	C:\Windows\System32\shlwapi.dll
0x00007ffe1b560000 - 0x00007ffe1b586000 	C:\Windows\SYSTEM32\profapi.dll
0x00007ffe07660000 - 0x00007ffe07679000 	C:\Users\aniln\.vscode\extensions\redhat.java-1.28.1-win32-x64\jre\17.0.10-win32-x86_64\bin\net.dll
0x00007ffe151e0000 - 0x00007ffe15317000 	C:\Windows\SYSTEM32\WINHTTP.dll
0x00007ffe1aab0000 - 0x00007ffe1ab19000 	C:\Windows\system32\mswsock.dll
0x00007ffdf84a0000 - 0x00007ffdf84b6000 	C:\Users\aniln\.vscode\extensions\redhat.java-1.28.1-win32-x64\jre\17.0.10-win32-x86_64\bin\nio.dll
0x00007ffe11460000 - 0x00007ffe11470000 	c:\Users\aniln\.vscode\extensions\redhat.java-1.28.1-win32-x64\jre\17.0.10-win32-x86_64\bin\verify.dll
0x00007ffe1acd0000 - 0x00007ffe1aceb000 	C:\Windows\SYSTEM32\CRYPTSP.dll
0x00007ffe1a590000 - 0x00007ffe1a5c5000 	C:\Windows\system32\rsaenh.dll
0x00007ffe1ab70000 - 0x00007ffe1ab9c000 	C:\Windows\SYSTEM32\USERENV.dll
0x00007ffe1acf0000 - 0x00007ffe1acfc000 	C:\Windows\SYSTEM32\CRYPTBASE.dll
0x00007ffe1a0e0000 - 0x00007ffe1a10d000 	C:\Windows\SYSTEM32\IPHLPAPI.DLL
0x00007ffe1c500000 - 0x00007ffe1c509000 	C:\Windows\System32\NSI.dll
0x00007ffe15080000 - 0x00007ffe15099000 	C:\Windows\SYSTEM32\dhcpcsvc6.DLL
0x00007ffe15060000 - 0x00007ffe1507f000 	C:\Windows\SYSTEM32\dhcpcsvc.DLL
0x00007ffe1a160000 - 0x00007ffe1a259000 	C:\Windows\SYSTEM32\DNSAPI.dll
0x00007ffe100d0000 - 0x00007ffe100d9000 	C:\Users\aniln\.vscode\extensions\redhat.java-1.28.1-win32-x64\jre\17.0.10-win32-x86_64\bin\management.dll
0x00007ffe0fd30000 - 0x00007ffe0fd3b000 	C:\Users\aniln\.vscode\extensions\redhat.java-1.28.1-win32-x64\jre\17.0.10-win32-x86_64\bin\management_ext.dll
0x00007ffe1c510000 - 0x00007ffe1c518000 	C:\Windows\System32\PSAPI.DLL

dbghelp: loaded successfully - version: 4.0.5 - missing functions: none
symbol engine: initialized successfully - sym options: 0x614 - pdb path: .;c:\Users\aniln\.vscode\extensions\redhat.java-1.28.1-win32-x64\jre\17.0.10-win32-x86_64\bin;C:\Windows\SYSTEM32;C:\Windows\WinSxS\amd64_microsoft.windows.common-controls_6595b64144ccf1df_6.0.22621.3235_none_270f74e173860f98;c:\Users\aniln\.vscode\extensions\redhat.java-1.28.1-win32-x64\jre\17.0.10-win32-x86_64\bin\server

VM Arguments:
jvm_args: -XX:+HeapDumpOnOutOfMemoryError -Xmx1024m -Dsts.lsp.client=vscode -Dsts.log.file=/dev/null -XX:TieredStopAtLevel=1 -Xlog:jni+resolve=off -Dspring.config.location=file:c:\Users\aniln\.vscode\extensions\vmware.vscode-spring-boot-1.53.0\language-server\BOOT-INF\classes\application.properties 
java_command: org.springframework.ide.vscode.boot.app.BootLanguageServerBootApp
java_class_path (initial): c:\Users\aniln\.vscode\extensions\vmware.vscode-spring-boot-1.53.0\language-server\BOOT-INF\classes;c:\Users\aniln\.vscode\extensions\vmware.vscode-spring-boot-1.53.0\language-server\BOOT-INF\lib\annotations-24.1.0.jar;c:\Users\aniln\.vscode\extensions\vmware.vscode-spring-boot-1.53.0\language-server\BOOT-INF\lib\antlr4-runtime-4.11.1.jar;c:\Users\aniln\.vscode\extensions\vmware.vscode-spring-boot-1.53.0\language-server\BOOT-INF\lib\asm-9.6.jar;c:\Users\aniln\.vscode\extensions\vmware.vscode-spring-boot-1.53.0\language-server\BOOT-INF\lib\asm-analysis-9.6.jar;c:\Users\aniln\.vscode\extensions\vmware.vscode-spring-boot-1.53.0\language-server\BOOT-INF\lib\asm-tree-9.6.jar;c:\Users\aniln\.vscode\extensions\vmware.vscode-spring-boot-1.53.0\language-server\BOOT-INF\lib\asm-util-9.6.jar;c:\Users\aniln\.vscode\extensions\vmware.vscode-spring-boot-1.53.0\language-server\BOOT-INF\lib\caffeine-3.1.8.jar;c:\Users\aniln\.vscode\extensions\vmware.vscode-spring-boot-1.53.0\language-server\BOOT-INF\lib\checker-qual-3.12.0.jar;c:\Users\aniln\.vscode\extensions\vmware.vscode-spring-boot-1.53.0\language-server\BOOT-INF\lib\classgraph-4.8.149.jar;c:\Users\aniln\.vscode\extensions\vmware.vscode-spring-boot-1.53.0\language-server\BOOT-INF\lib\commons-codec-1.16.1.jar;c:\Users\aniln\.vscode\extensions\vmware.vscode-spring-boot-1.53.0\language-server\BOOT-INF\lib\commons-compress-1.26.0.jar;c:\Users\aniln\.vscode\extensions\vmware.vscode-spring-boot-1.53.0\language-server\BOOT-INF\lib\commons-io-2.4.jar;c:\Users\aniln\.vscode\extensions\vmware.vscode-spring-boot-1.53.0\language-server\BOOT-INF\lib\commons-java-1.53.0-SNAPSHOT.jar;c:\Users\aniln\.vscode\extensions\vmware.vscode-spring-boot-1.53.0\language-server\BOOT-INF\lib\commons-lang3-3.13.0.jar;c:\Users\aniln\.vscode\extensions\vmware.vscode-spring-boot-1.53.0\language-server\BOOT-INF\lib\commons-language-server-1.53.0-SNAPSHOT.jar;c:\Users\aniln\.vscode\extensions\vmware.vscode-spring-boot-1.53.0\language
Launcher Type: SUN_STANDARD

[Global flags]
     intx CICompilerCount                          = 4                                         {product} {ergonomic}
     uint ConcGCThreads                            = 2                                         {product} {ergonomic}
     uint G1ConcRefinementThreads                  = 8                                         {product} {ergonomic}
   size_t G1HeapRegionSize                         = 1048576                                   {product} {ergonomic}
    uintx GCDrainStackTargetSize                   = 64                                        {product} {ergonomic}
     bool HeapDumpOnOutOfMemoryError               = true                                   {manageable} {command line}
   size_t InitialHeapSize                          = 130023424                                 {product} {ergonomic}
   size_t MarkStackSize                            = 4194304                                   {product} {ergonomic}
   size_t MaxHeapSize                              = 1073741824                                {product} {command line}
   size_t MaxNewSize                               = 643825664                                 {product} {ergonomic}
   size_t MinHeapDeltaBytes                        = 1048576                                   {product} {ergonomic}
   size_t MinHeapSize                              = 8388608                                   {product} {ergonomic}
    uintx NonProfiledCodeHeapSize                  = 0                                      {pd product} {ergonomic}
     bool ProfileInterpreter                       = false                                  {pd product} {command line}
    uintx ProfiledCodeHeapSize                     = 0                                      {pd product} {ergonomic}
   size_t SoftMaxHeapSize                          = 1073741824                             {manageable} {ergonomic}
     intx TieredStopAtLevel                        = 1                                         {product} {command line}
     bool UseCompressedClassPointers               = true                           {product lp64_product} {ergonomic}
     bool UseCompressedOops                        = true                           {product lp64_product} {ergonomic}
     bool UseG1GC                                  = true                                      {product} {ergonomic}
     bool UseLargePagesIndividualAllocation        = false                                  {pd product} {ergonomic}

Logging:
Log output configuration:
 #0: stdout all=warning,jni+resolve=off uptime,level,tags
 #1: stderr all=off uptime,level,tags

Environment Variables:
JAVA_HOME=C:\Program Files\Java\jdk1.8.0_202
PATH=C:\Python24\;C:\Python24\Scripts;C:\Program Files (x86)\Rockwell Software\RSCommon\;C:\Program Files\Common Files\Oracle\Java\javapath;C:\Program Files (x86)\Common Files\Oracle\Java\javapath;C:\node 16\node-v16.20.2-win-x64\node-v16.20.2-win-x64\node_modules\npm;C:\Windows\system32;C:\Windows;C:\Windows\System32\Wbem;C:\Windows\System32\WindowsPowerShell\v1.0\;C:\Windows\System32\OpenSSH\;C:\Program Files\dotnet\;C:\Program Files\Git\cmd;C:\Program Files\apache-maven-3.9.4\bin;C:\Program Files\Java\jdk1.8.0_202\bin;C:\Users\aniln\Downloads\jdk-17_windows-x64_bin\jdk-17.0.8\bin;C:\Program Files\Azure Data Studio\bin;C:\Program Files (x86)\Microsoft SQL Server\160\Tools\Binn\;C:\Program Files\Microsoft SQL Server\160\Tools\Binn\;C:\Program Files\Microsoft SQL Server\Client SDK\ODBC\170\Tools\Binn\;C:\Program Files\Microsoft SQL Server\160\DTS\Binn\;C:\Program Files (x86)\Microsoft SQL Server\160\DTS\Binn\;C:\Program Files\Microsoft SQL Server\150\Tools\Binn\;C:\Program Files (x86)\Common Files\Rockwell\;C:\Program Files (x86)\Rockwell Software\RSCommon;C:\Program Files (x86)\Common Files\Rockwell;C:\Program Files (x86)\Rockwell Software\RSView Enterprise\;C:\Program Files (x86)\Rockwell Software\Batch\Batch View HMI Controls\;C:\Program Files\Java\jdk-17\bin;C:\Users\aniln\AppData\Roaming\nvm;C:\Program Files\nodejs;C:\Program Files\MySQL\MySQL Server 8.0\bin;C:\Users\aniln\Documents\dumps;C:\Program Files\nodejs\;C:\Gradle\gradle-7.3\bin;C:\Program Files (x86)\Rockwell Automation\Common\Components;C:\Users\aniln\AppData\Local\Microsoft\WindowsApps;C:\Program Files\JetBrains\IntelliJ IDEA Community Edition 2023.2.1\bin;;C:\Users\aniln\AppData\Local\Programs\Microsoft VS Code\bin;C:\Program Files\Azure Data Studio\bin;C:\Users\aniln\AppData\Roaming\nvm;C:\Program Files\nodejs;C:\Program Files\JetBrains\IntelliJ IDEA 241.11761.10\bin;;C:\Users\aniln\AppData\Roaming\npm
USERNAME=anil
OS=Windows_NT
PROCESSOR_IDENTIFIER=Intel64 Family 6 Model 140 Stepping 1, GenuineIntel
TMP=C:\Users\aniln\AppData\Local\Temp
TEMP=C:\Users\aniln\AppData\Local\Temp



Periodic native trim disabled


---------------  S Y S T E M  ---------------

OS:
 Windows 11 , 64 bit Build 22621 (10.0.22621.3235)
OS uptime: 2 days 18:06 hours
Hyper-V role detected

CPU: total 8 (initial active 8) (4 cores per cpu, 2 threads per core) family 6 model 140 stepping 1 microcode 0xb4, cx8, cmov, fxsr, ht, mmx, 3dnowpref, sse, sse2, sse3, ssse3, sse4.1, sse4.2, popcnt, lzcnt, tsc, tscinvbit, avx, avx2, aes, erms, clmul, bmi1, bmi2, adx, avx512f, avx512dq, avx512cd, avx512bw, avx512vl, sha, fma, vzeroupper, avx512_vpopcntdq, avx512_vpclmulqdq, avx512_vaes, avx512_vnni, clflush, clflushopt, clwb, avx512_vbmi2, avx512_vbmi, hv
Processor Information for all 8 processors :
  Max Mhz: 2419, Current Mhz: 2419, Mhz Limit: 2419

Memory: 4k page, system-wide physical 7926M (787M free)
TotalPageFile size 32502M (AvailPageFile size 4M)
current process WorkingSet (physical memory assigned to process): 38M, peak: 165M
current process commit charge ("private bytes"): 206M, peak: 229M

vm_info: OpenJDK 64-Bit Server VM (17.0.10+7) for windows-amd64 JRE (17.0.10+7), built on Jan 16 2024 23:25:11 by "admin" with MS VC++ 16.10 / 16.11 (VS2019)

END.
